<?xml version="1.0" encoding="UTF-8" ?>
<testsuites id="2026-04-23" name="report_1" tests="3" failures="0" skipped="0" flaky="0" time="0.000">
	<testsuite id="0" name="settings_screen_test" package="test/scenes/ui" timestamp="2026-04-24T04:28:29" hostname="localhost" tests="3" failures="0" errors="0" skipped="0" flaky="0" time="0.134">
		<testcase name="test_carga_exitosa_json" classname="settings_screen_test" time="0.045">
		</testcase>
		<testcase name="test_archivo_formato_incorrecto" classname="settings_screen_test" time="0.021">
		</testcase>
		<testcase name="test_json_invalido_o_vacio" classname="settings_screen_test" time="0.020">
		</testcase>
	</testsuite>
</testsuites>
